10:23:35 **** Build of configuration Debug for project lab4_stm32 ****
make -j4 all 
arm-none-eabi-gcc "../Drivers/STM32F1xx_HAL_Driver/Src/stm32f1xx_hal.c" -mcpu=cortex-m3 -std=gnu11 -g3 -DDEBUG -DUSE_HAL_DRIVER -DSTM32F103x6 -c -I../Core/Inc -I../Drivers/STM32F1xx_HAL_Driver/Inc -I../Drivers/STM32F1xx_HAL_Driver/Inc/Legacy -I../Drivers/CMSIS/Device/ST/STM32F1xx/Include -I../Drivers/CMSIS/Include -O0 -ffunction-sections -fdata-sections -Wall -fstack-usage -MMD -MP -MF"Drivers/STM32F1xx_HAL_Driver/Src/stm32f1xx_hal.d" -MT"Drivers/STM32F1xx_HAL_Driver/Src/stm32f1xx_hal.o" --specs=nano.specs -mfloat-abi=soft -mthumb -o "Drivers/STM32F1xx_HAL_Driver/Src/stm32f1xx_hal.o"
arm-none-eabi-gcc "../Drivers/STM32F1xx_HAL_Driver/Src/stm32f1xx_hal_cortex.c" -mcpu=cortex-m3 -std=gnu11 -g3 -DDEBUG -DUSE_HAL_DRIVER -DSTM32F103x6 -c -I../Core/Inc -I../Drivers/STM32F1xx_HAL_Driver/Inc -I../Drivers/STM32F1xx_HAL_Driver/Inc/Legacy -I../Drivers/CMSIS/Device/ST/STM32F1xx/Include -I../Drivers/CMSIS/Include -O0 -ffunction-sections -fdata-sections -Wall -fstack-usage -MMD -MP -MF"Drivers/STM32F1xx_HAL_Driver/Src/stm32f1xx_hal_cortex.d" -MT"Drivers/STM32F1xx_HAL_Driver/Src/stm32f1xx_hal_cortex.o" --specs=nano.specs -mfloat-abi=soft -mthumb -o "Drivers/STM32F1xx_HAL_Driver/Src/stm32f1xx_hal_cortex.o"
arm-none-eabi-gcc "../Drivers/STM32F1xx_HAL_Driver/Src/stm32f1xx_hal_dma.c" -mcpu=cortex-m3 -std=gnu11 -g3 -DDEBUG -DUSE_HAL_DRIVER -DSTM32F103x6 -c -I../Core/Inc -I../Drivers/STM32F1xx_HAL_Driver/Inc -I../Drivers/STM32F1xx_HAL_Driver/Inc/Legacy -I../Drivers/CMSIS/Device/ST/STM32F1xx/Include -I../Drivers/CMSIS/Include -O0 -ffunction-sections -fdata-sections -Wall -fstack-usage -MMD -MP -MF"Drivers/STM32F1xx_HAL_Driver/Src/stm32f1xx_hal_dma.d" -MT"Drivers/STM32F1xx_HAL_Driver/Src/stm32f1xx_hal_dma.o" --specs=nano.specs -mfloat-abi=soft -mthumb -o "Drivers/STM32F1xx_HAL_Driver/Src/stm32f1xx_hal_dma.o"
arm-none-eabi-gcc "../Drivers/STM32F1xx_HAL_Driver/Src/stm32f1xx_hal_exti.c" -mcpu=cortex-m3 -std=gnu11 -g3 -DDEBUG -DUSE_HAL_DRIVER -DSTM32F103x6 -c -I../Core/Inc -I../Drivers/STM32F1xx_HAL_Driver/Inc -I../Drivers/STM32F1xx_HAL_Driver/Inc/Legacy -I../Drivers/CMSIS/Device/ST/STM32F1xx/Include -I../Drivers/CMSIS/Include -O0 -ffunction-sections -fdata-sections -Wall -fstack-usage -MMD -MP -MF"Drivers/STM32F1xx_HAL_Driver/Src/stm32f1xx_hal_exti.d" -MT"Drivers/STM32F1xx_HAL_Driver/Src/stm32f1xx_hal_exti.o" --specs=nano.specs -mfloat-abi=soft -mthumb -o "Drivers/STM32F1xx_HAL_Driver/Src/stm32f1xx_hal_exti.o"
arm-none-eabi-gcc "../Drivers/STM32F1xx_HAL_Driver/Src/stm32f1xx_hal_flash.c" -mcpu=cortex-m3 -std=gnu11 -g3 -DDEBUG -DUSE_HAL_DRIVER -DSTM32F103x6 -c -I../Core/Inc -I../Drivers/STM32F1xx_HAL_Driver/Inc -I../Drivers/STM32F1xx_HAL_Driver/Inc/Legacy -I../Drivers/CMSIS/Device/ST/STM32F1xx/Include -I../Drivers/CMSIS/Include -O0 -ffunction-sections -fdata-sections -Wall -fstack-usage -MMD -MP -MF"Drivers/STM32F1xx_HAL_Driver/Src/stm32f1xx_hal_flash.d" -MT"Drivers/STM32F1xx_HAL_Driver/Src/stm32f1xx_hal_flash.o" --specs=nano.specs -mfloat-abi=soft -mthumb -o "Drivers/STM32F1xx_HAL_Driver/Src/stm32f1xx_hal_flash.o"
arm-none-eabi-gcc "../Drivers/STM32F1xx_HAL_Driver/Src/stm32f1xx_hal_flash_ex.c" -mcpu=cortex-m3 -std=gnu11 -g3 -DDEBUG -DUSE_HAL_DRIVER -DSTM32F103x6 -c -I../Core/Inc -I../Drivers/STM32F1xx_HAL_Driver/Inc -I../Drivers/STM32F1xx_HAL_Driver/Inc/Legacy -I../Drivers/CMSIS/Device/ST/STM32F1xx/Include -I../Drivers/CMSIS/Include -O0 -ffunction-sections -fdata-sections -Wall -fstack-usage -MMD -MP -MF"Drivers/STM32F1xx_HAL_Driver/Src/stm32f1xx_hal_flash_ex.d" -MT"Drivers/STM32F1xx_HAL_Driver/Src/stm32f1xx_hal_flash_ex.o" --specs=nano.specs -mfloat-abi=soft -mthumb -o "Drivers/STM32F1xx_HAL_Driver/Src/stm32f1xx_hal_flash_ex.o"
arm-none-eabi-gcc "../Drivers/STM32F1xx_HAL_Driver/Src/stm32f1xx_hal_gpio.c" -mcpu=cortex-m3 -std=gnu11 -g3 -DDEBUG -DUSE_HAL_DRIVER -DSTM32F103x6 -c -I../Core/Inc -I../Drivers/STM32F1xx_HAL_Driver/Inc -I../Drivers/STM32F1xx_HAL_Driver/Inc/Legacy -I../Drivers/CMSIS/Device/ST/STM32F1xx/Include -I../Drivers/CMSIS/Include -O0 -ffunction-sections -fdata-sections -Wall -fstack-usage -MMD -MP -MF"Drivers/STM32F1xx_HAL_Driver/Src/stm32f1xx_hal_gpio.d" -MT"Drivers/STM32F1xx_HAL_Driver/Src/stm32f1xx_hal_gpio.o" --specs=nano.specs -mfloat-abi=soft -mthumb -o "Drivers/STM32F1xx_HAL_Driver/Src/stm32f1xx_hal_gpio.o"
arm-none-eabi-gcc "../Drivers/STM32F1xx_HAL_Driver/Src/stm32f1xx_hal_gpio_ex.c" -mcpu=cortex-m3 -std=gnu11 -g3 -DDEBUG -DUSE_HAL_DRIVER -DSTM32F103x6 -c -I../Core/Inc -I../Drivers/STM32F1xx_HAL_Driver/Inc -I../Drivers/STM32F1xx_HAL_Driver/Inc/Legacy -I../Drivers/CMSIS/Device/ST/STM32F1xx/Include -I../Drivers/CMSIS/Include -O0 -ffunction-sections -fdata-sections -Wall -fstack-usage -MMD -MP -MF"Drivers/STM32F1xx_HAL_Driver/Src/stm32f1xx_hal_gpio_ex.d" -MT"Drivers/STM32F1xx_HAL_Driver/Src/stm32f1xx_hal_gpio_ex.o" --specs=nano.specs -mfloat-abi=soft -mthumb -o "Drivers/STM32F1xx_HAL_Driver/Src/stm32f1xx_hal_gpio_ex.o"
arm-none-eabi-gcc "../Drivers/STM32F1xx_HAL_Driver/Src/stm32f1xx_hal_pwr.c" -mcpu=cortex-m3 -std=gnu11 -g3 -DDEBUG -DUSE_HAL_DRIVER -DSTM32F103x6 -c -I../Core/Inc -I../Drivers/STM32F1xx_HAL_Driver/Inc -I../Drivers/STM32F1xx_HAL_Driver/Inc/Legacy -I../Drivers/CMSIS/Device/ST/STM32F1xx/Include -I../Drivers/CMSIS/Include -O0 -ffunction-sections -fdata-sections -Wall -fstack-usage -MMD -MP -MF"Drivers/STM32F1xx_HAL_Driver/Src/stm32f1xx_hal_pwr.d" -MT"Drivers/STM32F1xx_HAL_Driver/Src/stm32f1xx_hal_pwr.o" --specs=nano.specs -mfloat-abi=soft -mthumb -o "Drivers/STM32F1xx_HAL_Driver/Src/stm32f1xx_hal_pwr.o"
arm-none-eabi-gcc "../Drivers/STM32F1xx_HAL_Driver/Src/stm32f1xx_hal_rcc.c" -mcpu=cortex-m3 -std=gnu11 -g3 -DDEBUG -DUSE_HAL_DRIVER -DSTM32F103x6 -c -I../Core/Inc -I../Drivers/STM32F1xx_HAL_Driver/Inc -I../Drivers/STM32F1xx_HAL_Driver/Inc/Legacy -I../Drivers/CMSIS/Device/ST/STM32F1xx/Include -I../Drivers/CMSIS/Include -O0 -ffunction-sections -fdata-sections -Wall -fstack-usage -MMD -MP -MF"Drivers/STM32F1xx_HAL_Driver/Src/stm32f1xx_hal_rcc.d" -MT"Drivers/STM32F1xx_HAL_Driver/Src/stm32f1xx_hal_rcc.o" --specs=nano.specs -mfloat-abi=soft -mthumb -o "Drivers/STM32F1xx_HAL_Driver/Src/stm32f1xx_hal_rcc.o"
arm-none-eabi-gcc "../Drivers/STM32F1xx_HAL_Driver/Src/stm32f1xx_hal_rcc_ex.c" -mcpu=cortex-m3 -std=gnu11 -g3 -DDEBUG -DUSE_HAL_DRIVER -DSTM32F103x6 -c -I../Core/Inc -I../Drivers/STM32F1xx_HAL_Driver/Inc -I../Drivers/STM32F1xx_HAL_Driver/Inc/Legacy -I../Drivers/CMSIS/Device/ST/STM32F1xx/Include -I../Drivers/CMSIS/Include -O0 -ffunction-sections -fdata-sections -Wall -fstack-usage -MMD -MP -MF"Drivers/STM32F1xx_HAL_Driver/Src/stm32f1xx_hal_rcc_ex.d" -MT"Drivers/STM32F1xx_HAL_Driver/Src/stm32f1xx_hal_rcc_ex.o" --specs=nano.specs -mfloat-abi=soft -mthumb -o "Drivers/STM32F1xx_HAL_Driver/Src/stm32f1xx_hal_rcc_ex.o"
arm-none-eabi-gcc "../Drivers/STM32F1xx_HAL_Driver/Src/stm32f1xx_hal_tim.c" -mcpu=cortex-m3 -std=gnu11 -g3 -DDEBUG -DUSE_HAL_DRIVER -DSTM32F103x6 -c -I../Core/Inc -I../Drivers/STM32F1xx_HAL_Driver/Inc -I../Drivers/STM32F1xx_HAL_Driver/Inc/Legacy -I../Drivers/CMSIS/Device/ST/STM32F1xx/Include -I../Drivers/CMSIS/Include -O0 -ffunction-sections -fdata-sections -Wall -fstack-usage -MMD -MP -MF"Drivers/STM32F1xx_HAL_Driver/Src/stm32f1xx_hal_tim.d" -MT"Drivers/STM32F1xx_HAL_Driver/Src/stm32f1xx_hal_tim.o" --specs=nano.specs -mfloat-abi=soft -mthumb -o "Drivers/STM32F1xx_HAL_Driver/Src/stm32f1xx_hal_tim.o"
arm-none-eabi-gcc "../Drivers/STM32F1xx_HAL_Driver/Src/stm32f1xx_hal_tim_ex.c" -mcpu=cortex-m3 -std=gnu11 -g3 -DDEBUG -DUSE_HAL_DRIVER -DSTM32F103x6 -c -I../Core/Inc -I../Drivers/STM32F1xx_HAL_Driver/Inc -I../Drivers/STM32F1xx_HAL_Driver/Inc/Legacy -I../Drivers/CMSIS/Device/ST/STM32F1xx/Include -I../Drivers/CMSIS/Include -O0 -ffunction-sections -fdata-sections -Wall -fstack-usage -MMD -MP -MF"Drivers/STM32F1xx_HAL_Driver/Src/stm32f1xx_hal_tim_ex.d" -MT"Drivers/STM32F1xx_HAL_Driver/Src/stm32f1xx_hal_tim_ex.o" --specs=nano.specs -mfloat-abi=soft -mthumb -o "Drivers/STM32F1xx_HAL_Driver/Src/stm32f1xx_hal_tim_ex.o"
arm-none-eabi-gcc -mcpu=cortex-m3 -g3 -DDEBUG -c -x assembler-with-cpp -MMD -MP -MF"Core/Startup/startup_stm32f103c6ux.d" -MT"Core/Startup/startup_stm32f103c6ux.o" --specs=nano.specs -mfloat-abi=soft -mthumb -o "Core/Startup/startup_stm32f103c6ux.o" "../Core/Startup/startup_stm32f103c6ux.s"
arm-none-eabi-gcc "../Core/Src/SCH.c" -mcpu=cortex-m3 -std=gnu11 -g3 -DDEBUG -DUSE_HAL_DRIVER -DSTM32F103x6 -c -I../Core/Inc -I../Drivers/STM32F1xx_HAL_Driver/Inc -I../Drivers/STM32F1xx_HAL_Driver/Inc/Legacy -I../Drivers/CMSIS/Device/ST/STM32F1xx/Include -I../Drivers/CMSIS/Include -O0 -ffunction-sections -fdata-sections -Wall -fstack-usage -MMD -MP -MF"Core/Src/SCH.d" -MT"Core/Src/SCH.o" --specs=nano.specs -mfloat-abi=soft -mthumb -o "Core/Src/SCH.o"
arm-none-eabi-gcc "../Core/Src/main.c" -mcpu=cortex-m3 -std=gnu11 -g3 -DDEBUG -DUSE_HAL_DRIVER -DSTM32F103x6 -c -I../Core/Inc -I../Drivers/STM32F1xx_HAL_Driver/Inc -I../Drivers/STM32F1xx_HAL_Driver/Inc/Legacy -I../Drivers/CMSIS/Device/ST/STM32F1xx/Include -I../Drivers/CMSIS/Include -O0 -ffunction-sections -fdata-sections -Wall -fstack-usage -MMD -MP -MF"Core/Src/main.d" -MT"Core/Src/main.o" --specs=nano.specs -mfloat-abi=soft -mthumb -o "Core/Src/main.o"
In file included from ../Core/Src/SCH.c:8:
../Core/Inc/SCH.h:13:2: error: unknown type name 'uint32_t'
   13 |  uint32_t Delay;
      |  ^~~~~~~~
../Core/Inc/SCH.h:14:2: error: unknown type name 'uint32_t'
   14 |  uint32_t Period;
      |  ^~~~~~~~
../Core/Inc/SCH.h:15:2: error: unknown type name 'uint8_t'
   15 |  uint8_t RunMe;
      |  ^~~~~~~
../Core/Inc/SCH.h:16:2: error: unknown type name 'uint32_t'
   16 |  uint32_t TaskID;
      |  ^~~~~~~~
../Core/Inc/SCH.h:28:6: error: unknown type name 'uint32_t'
   28 |      uint32_t DELAY,
      |      ^~~~~~~~
../Core/Inc/SCH.h:29:6: error: unknown type name 'uint32_t'
   29 |      uint32_t PERIOD);
      |      ^~~~~~~~
../Core/Inc/SCH.h:35:1: error: unknown type name 'uint8_t'
   35 | uint8_t SCH_Delete_Task(uint32_t taskID);
      | ^~~~~~~
../Core/Inc/SCH.h:35:25: error: unknown type name 'uint32_t'
   35 | uint8_t SCH_Delete_Task(uint32_t taskID);
      |                         ^~~~~~~~
../Core/Src/SCH.c:19:43: error: unknown type name 'uint32_t'
   19 | void SCH_Add_Task ( void (*pFunction)() , uint32_t DELAY, uint32_t PERIOD){
      |                                           ^~~~~~~~
../Core/Src/SCH.c:19:59: error: unknown type name 'uint32_t'
   19 | void SCH_Add_Task ( void (*pFunction)() , uint32_t DELAY, uint32_t PERIOD){
      |                                                           ^~~~~~~~
../Core/Src/SCH.c:53:1: error: unknown type name 'uint8_t'
   53 | uint8_t SCH_Delete_Task(uint32_t taskID){
      | ^~~~~~~
../Core/Src/SCH.c:53:25: error: unknown type name 'uint32_t'
   53 | uint8_t SCH_Delete_Task(uint32_t taskID){
      |                         ^~~~~~~~
make: *** [Core/Src/subdir.mk:40: Core/Src/SCH.o] Error 1
make: *** Waiting for unfinished jobs....
../Core/Src/main.c: In function 'main':
../Core/Src/main.c:100:16: error: invalid use of void expression
  100 |   SCH_Add_Task(blinkRed(), 0, 500);
      |                ^~~~~~~~~~
../Core/Src/main.c:101:16: error: invalid use of void expression
  101 |   SCH_Add_Task(blinkYellow(), 1000, 1000);
      |                ^~~~~~~~~~~~~
../Core/Src/main.c:102:16: error: invalid use of void expression
  102 |   SCH_Add_Task(blinkGreen(), 2000, 1500);
      |                ^~~~~~~~~~~~
../Core/Src/main.c:103:16: error: invalid use of void expression
  103 |   SCH_Add_Task(blinkBlue(), 3000, 2000);
      |                ^~~~~~~~~~~
../Core/Src/main.c:104:16: error: invalid use of void expression
  104 |   SCH_Add_Task(blinkPurple(), 4000, 2500);
      |                ^~~~~~~~~~~~~
make: *** [Core/Src/subdir.mk:40: Core/Src/main.o] Error 1
"make -j4 all" terminated with exit code 2. Build might be incomplete.
10:24:20 **** Incremental Build of configuration Debug for project lab4_stm32 ****
make -j4 all 
arm-none-eabi-gcc "../Core/Src/SCH.c" -mcpu=cortex-m3 -std=gnu11 -g3 -DDEBUG -DUSE_HAL_DRIVER -DSTM32F103x6 -c -I../Core/Inc -I../Drivers/STM32F1xx_HAL_Driver/Inc -I../Drivers/STM32F1xx_HAL_Driver/Inc/Legacy -I../Drivers/CMSIS/Device/ST/STM32F1xx/Include -I../Drivers/CMSIS/Include -O0 -ffunction-sections -fdata-sections -Wall -fstack-usage -MMD -MP -MF"Core/Src/SCH.d" -MT"Core/Src/SCH.o" --specs=nano.specs -mfloat-abi=soft -mthumb -o "Core/Src/SCH.o"
arm-none-eabi-gcc "../Core/Src/main.c" -mcpu=cortex-m3 -std=gnu11 -g3 -DDEBUG -DUSE_HAL_DRIVER -DSTM32F103x6 -c -I../Core/Inc -I../Drivers/STM32F1xx_HAL_Driver/Inc -I../Drivers/STM32F1xx_HAL_Driver/Inc/Legacy -I../Drivers/CMSIS/Device/ST/STM32F1xx/Include -I../Drivers/CMSIS/Include -O0 -ffunction-sections -fdata-sections -Wall -fstack-usage -MMD -MP -MF"Core/Src/main.d" -MT"Core/Src/main.o" --specs=nano.specs -mfloat-abi=soft -mthumb -o "Core/Src/main.o"
arm-none-eabi-gcc "../Core/Src/outputDisplay.c" -mcpu=cortex-m3 -std=gnu11 -g3 -DDEBUG -DUSE_HAL_DRIVER -DSTM32F103x6 -c -I../Core/Inc -I../Drivers/STM32F1xx_HAL_Driver/Inc -I../Drivers/STM32F1xx_HAL_Driver/Inc/Legacy -I../Drivers/CMSIS/Device/ST/STM32F1xx/Include -I../Drivers/CMSIS/Include -O0 -ffunction-sections -fdata-sections -Wall -fstack-usage -MMD -MP -MF"Core/Src/outputDisplay.d" -MT"Core/Src/outputDisplay.o" --specs=nano.specs -mfloat-abi=soft -mthumb -o "Core/Src/outputDisplay.o"
arm-none-eabi-gcc "../Core/Src/stm32f1xx_hal_msp.c" -mcpu=cortex-m3 -std=gnu11 -g3 -DDEBUG -DUSE_HAL_DRIVER -DSTM32F103x6 -c -I../Core/Inc -I../Drivers/STM32F1xx_HAL_Driver/Inc -I../Drivers/STM32F1xx_HAL_Driver/Inc/Legacy -I../Drivers/CMSIS/Device/ST/STM32F1xx/Include -I../Drivers/CMSIS/Include -O0 -ffunction-sections -fdata-sections -Wall -fstack-usage -MMD -MP -MF"Core/Src/stm32f1xx_hal_msp.d" -MT"Core/Src/stm32f1xx_hal_msp.o" --specs=nano.specs -mfloat-abi=soft -mthumb -o "Core/Src/stm32f1xx_hal_msp.o"
../Core/Src/main.c: In function 'main':
../Core/Src/main.c:100:16: error: invalid use of void expression
  100 |   SCH_Add_Task(blinkRed(), 0, 500);
      |                ^~~~~~~~~~
../Core/Src/main.c:101:16: error: invalid use of void expression
  101 |   SCH_Add_Task(blinkYellow(), 1000, 1000);
      |                ^~~~~~~~~~~~~
../Core/Src/main.c:102:16: error: invalid use of void expression
  102 |   SCH_Add_Task(blinkGreen(), 2000, 1500);
      |                ^~~~~~~~~~~~
../Core/Src/main.c:103:16: error: invalid use of void expression
  103 |   SCH_Add_Task(blinkBlue(), 3000, 2000);
      |                ^~~~~~~~~~~
../Core/Src/main.c:104:16: error: invalid use of void expression
  104 |   SCH_Add_Task(blinkPurple(), 4000, 2500);
      |                ^~~~~~~~~~~~~
../Core/Src/SCH.c: In function 'SCH_Delete_Task':
../Core/Src/SCH.c:55:1: warning: control reaches end of non-void function [-Wreturn-type]
   55 | }
      | ^
make: *** [Core/Src/subdir.mk:40: Core/Src/main.o] Error 1
make: *** Waiting for unfinished jobs....
"make -j4 all" terminated with exit code 2. Build might be incomplete.
10:26:08 **** Incremental Build of configuration Debug for project lab4_stm32 ****
make -j4 all 
arm-none-eabi-gcc "../Core/Src/main.c" -mcpu=cortex-m3 -std=gnu11 -g3 -DDEBUG -DUSE_HAL_DRIVER -DSTM32F103x6 -c -I../Core/Inc -I../Drivers/STM32F1xx_HAL_Driver/Inc -I../Drivers/STM32F1xx_HAL_Driver/Inc/Legacy -I../Drivers/CMSIS/Device/ST/STM32F1xx/Include -I../Drivers/CMSIS/Include -O0 -ffunction-sections -fdata-sections -Wall -fstack-usage -MMD -MP -MF"Core/Src/main.d" -MT"Core/Src/main.o" --specs=nano.specs -mfloat-abi=soft -mthumb -o "Core/Src/main.o"
arm-none-eabi-gcc "../Core/Src/stm32f1xx_it.c" -mcpu=cortex-m3 -std=gnu11 -g3 -DDEBUG -DUSE_HAL_DRIVER -DSTM32F103x6 -c -I../Core/Inc -I../Drivers/STM32F1xx_HAL_Driver/Inc -I../Drivers/STM32F1xx_HAL_Driver/Inc/Legacy -I../Drivers/CMSIS/Device/ST/STM32F1xx/Include -I../Drivers/CMSIS/Include -O0 -ffunction-sections -fdata-sections -Wall -fstack-usage -MMD -MP -MF"Core/Src/stm32f1xx_it.d" -MT"Core/Src/stm32f1xx_it.o" --specs=nano.specs -mfloat-abi=soft -mthumb -o "Core/Src/stm32f1xx_it.o"
arm-none-eabi-gcc "../Core/Src/syscalls.c" -mcpu=cortex-m3 -std=gnu11 -g3 -DDEBUG -DUSE_HAL_DRIVER -DSTM32F103x6 -c -I../Core/Inc -I../Drivers/STM32F1xx_HAL_Driver/Inc -I../Drivers/STM32F1xx_HAL_Driver/Inc/Legacy -I../Drivers/CMSIS/Device/ST/STM32F1xx/Include -I../Drivers/CMSIS/Include -O0 -ffunction-sections -fdata-sections -Wall -fstack-usage -MMD -MP -MF"Core/Src/syscalls.d" -MT"Core/Src/syscalls.o" --specs=nano.specs -mfloat-abi=soft -mthumb -o "Core/Src/syscalls.o"
arm-none-eabi-gcc "../Core/Src/sysmem.c" -mcpu=cortex-m3 -std=gnu11 -g3 -DDEBUG -DUSE_HAL_DRIVER -DSTM32F103x6 -c -I../Core/Inc -I../Drivers/STM32F1xx_HAL_Driver/Inc -I../Drivers/STM32F1xx_HAL_Driver/Inc/Legacy -I../Drivers/CMSIS/Device/ST/STM32F1xx/Include -I../Drivers/CMSIS/Include -O0 -ffunction-sections -fdata-sections -Wall -fstack-usage -MMD -MP -MF"Core/Src/sysmem.d" -MT"Core/Src/sysmem.o" --specs=nano.specs -mfloat-abi=soft -mthumb -o "Core/Src/sysmem.o"
arm-none-eabi-gcc "../Core/Src/system_stm32f1xx.c" -mcpu=cortex-m3 -std=gnu11 -g3 -DDEBUG -DUSE_HAL_DRIVER -DSTM32F103x6 -c -I../Core/Inc -I../Drivers/STM32F1xx_HAL_Driver/Inc -I../Drivers/STM32F1xx_HAL_Driver/Inc/Legacy -I../Drivers/CMSIS/Device/ST/STM32F1xx/Include -I../Drivers/CMSIS/Include -O0 -ffunction-sections -fdata-sections -Wall -fstack-usage -MMD -MP -MF"Core/Src/system_stm32f1xx.d" -MT"Core/Src/system_stm32f1xx.o" --specs=nano.specs -mfloat-abi=soft -mthumb -o "Core/Src/system_stm32f1xx.o"
arm-none-eabi-gcc -o "lab4_stm32.elf" @"objects.list"   -mcpu=cortex-m3 -T"E:\221\MCU\MCU_Lab4\lab4_stm32\STM32F103C6UX_FLASH.ld" --specs=nosys.specs -Wl,-Map="lab4_stm32.map" -Wl,--gc-sections -static --specs=nano.specs -mfloat-abi=soft -mthumb -Wl,--start-group -lc -lm -Wl,--end-group
Finished building target: lab4_stm32.elf
 
arm-none-eabi-size   lab4_stm32.elf 
arm-none-eabi-objdump -h -S  lab4_stm32.elf  > "lab4_stm32.list"
arm-none-eabi-objcopy  -O ihex  lab4_stm32.elf  "lab4_stm32.hex"
arm-none-eabi-objcopy  -O binary  lab4_stm32.elf  "lab4_stm32.bin"
   text	   data	    bss	    dec	    hex	filename
   7604	     20	   2444	  10068	   2754	lab4_stm32.elf
Finished building: default.size.stdout
 
Finished building: lab4_stm32.bin
Finished building: lab4_stm32.hex
 
 
Finished building: lab4_stm32.list
 
10:31:34 **** Incremental Build of configuration Debug for project lab4_stm32 ****
make -j4 all 
arm-none-eabi-gcc "../Drivers/STM32F1xx_HAL_Driver/Src/stm32f1xx_hal.c" -mcpu=cortex-m3 -std=gnu11 -g3 -DDEBUG -DUSE_HAL_DRIVER -DSTM32F103x6 -c -I../Core/Inc -I../Drivers/STM32F1xx_HAL_Driver/Inc -I../Drivers/STM32F1xx_HAL_Driver/Inc/Legacy -I../Drivers/CMSIS/Device/ST/STM32F1xx/Include -I../Drivers/CMSIS/Include -O0 -ffunction-sections -fdata-sections -Wall -fstack-usage -MMD -MP -MF"Drivers/STM32F1xx_HAL_Driver/Src/stm32f1xx_hal.d" -MT"Drivers/STM32F1xx_HAL_Driver/Src/stm32f1xx_hal.o" --specs=nano.specs -mfloat-abi=soft -mthumb -o "Drivers/STM32F1xx_HAL_Driver/Src/stm32f1xx_hal.o"
arm-none-eabi-gcc "../Drivers/STM32F1xx_HAL_Driver/Src/stm32f1xx_hal_cortex.c" -mcpu=cortex-m3 -std=gnu11 -g3 -DDEBUG -DUSE_HAL_DRIVER -DSTM32F103x6 -c -I../Core/Inc -I../Drivers/STM32F1xx_HAL_Driver/Inc -I../Drivers/STM32F1xx_HAL_Driver/Inc/Legacy -I../Drivers/CMSIS/Device/ST/STM32F1xx/Include -I../Drivers/CMSIS/Include -O0 -ffunction-sections -fdata-sections -Wall -fstack-usage -MMD -MP -MF"Drivers/STM32F1xx_HAL_Driver/Src/stm32f1xx_hal_cortex.d" -MT"Drivers/STM32F1xx_HAL_Driver/Src/stm32f1xx_hal_cortex.o" --specs=nano.specs -mfloat-abi=soft -mthumb -o "Drivers/STM32F1xx_HAL_Driver/Src/stm32f1xx_hal_cortex.o"
arm-none-eabi-gcc "../Drivers/STM32F1xx_HAL_Driver/Src/stm32f1xx_hal_dma.c" -mcpu=cortex-m3 -std=gnu11 -g3 -DDEBUG -DUSE_HAL_DRIVER -DSTM32F103x6 -c -I../Core/Inc -I../Drivers/STM32F1xx_HAL_Driver/Inc -I../Drivers/STM32F1xx_HAL_Driver/Inc/Legacy -I../Drivers/CMSIS/Device/ST/STM32F1xx/Include -I../Drivers/CMSIS/Include -O0 -ffunction-sections -fdata-sections -Wall -fstack-usage -MMD -MP -MF"Drivers/STM32F1xx_HAL_Driver/Src/stm32f1xx_hal_dma.d" -MT"Drivers/STM32F1xx_HAL_Driver/Src/stm32f1xx_hal_dma.o" --specs=nano.specs -mfloat-abi=soft -mthumb -o "Drivers/STM32F1xx_HAL_Driver/Src/stm32f1xx_hal_dma.o"
arm-none-eabi-gcc "../Drivers/STM32F1xx_HAL_Driver/Src/stm32f1xx_hal_exti.c" -mcpu=cortex-m3 -std=gnu11 -g3 -DDEBUG -DUSE_HAL_DRIVER -DSTM32F103x6 -c -I../Core/Inc -I../Drivers/STM32F1xx_HAL_Driver/Inc -I../Drivers/STM32F1xx_HAL_Driver/Inc/Legacy -I../Drivers/CMSIS/Device/ST/STM32F1xx/Include -I../Drivers/CMSIS/Include -O0 -ffunction-sections -fdata-sections -Wall -fstack-usage -MMD -MP -MF"Drivers/STM32F1xx_HAL_Driver/Src/stm32f1xx_hal_exti.d" -MT"Drivers/STM32F1xx_HAL_Driver/Src/stm32f1xx_hal_exti.o" --specs=nano.specs -mfloat-abi=soft -mthumb -o "Drivers/STM32F1xx_HAL_Driver/Src/stm32f1xx_hal_exti.o"
arm-none-eabi-gcc "../Drivers/STM32F1xx_HAL_Driver/Src/stm32f1xx_hal_flash.c" -mcpu=cortex-m3 -std=gnu11 -g3 -DDEBUG -DUSE_HAL_DRIVER -DSTM32F103x6 -c -I../Core/Inc -I../Drivers/STM32F1xx_HAL_Driver/Inc -I../Drivers/STM32F1xx_HAL_Driver/Inc/Legacy -I../Drivers/CMSIS/Device/ST/STM32F1xx/Include -I../Drivers/CMSIS/Include -O0 -ffunction-sections -fdata-sections -Wall -fstack-usage -MMD -MP -MF"Drivers/STM32F1xx_HAL_Driver/Src/stm32f1xx_hal_flash.d" -MT"Drivers/STM32F1xx_HAL_Driver/Src/stm32f1xx_hal_flash.o" --specs=nano.specs -mfloat-abi=soft -mthumb -o "Drivers/STM32F1xx_HAL_Driver/Src/stm32f1xx_hal_flash.o"
arm-none-eabi-gcc "../Drivers/STM32F1xx_HAL_Driver/Src/stm32f1xx_hal_flash_ex.c" -mcpu=cortex-m3 -std=gnu11 -g3 -DDEBUG -DUSE_HAL_DRIVER -DSTM32F103x6 -c -I../Core/Inc -I../Drivers/STM32F1xx_HAL_Driver/Inc -I../Drivers/STM32F1xx_HAL_Driver/Inc/Legacy -I../Drivers/CMSIS/Device/ST/STM32F1xx/Include -I../Drivers/CMSIS/Include -O0 -ffunction-sections -fdata-sections -Wall -fstack-usage -MMD -MP -MF"Drivers/STM32F1xx_HAL_Driver/Src/stm32f1xx_hal_flash_ex.d" -MT"Drivers/STM32F1xx_HAL_Driver/Src/stm32f1xx_hal_flash_ex.o" --specs=nano.specs -mfloat-abi=soft -mthumb -o "Drivers/STM32F1xx_HAL_Driver/Src/stm32f1xx_hal_flash_ex.o"
arm-none-eabi-gcc "../Drivers/STM32F1xx_HAL_Driver/Src/stm32f1xx_hal_gpio.c" -mcpu=cortex-m3 -std=gnu11 -g3 -DDEBUG -DUSE_HAL_DRIVER -DSTM32F103x6 -c -I../Core/Inc -I../Drivers/STM32F1xx_HAL_Driver/Inc -I../Drivers/STM32F1xx_HAL_Driver/Inc/Legacy -I../Drivers/CMSIS/Device/ST/STM32F1xx/Include -I../Drivers/CMSIS/Include -O0 -ffunction-sections -fdata-sections -Wall -fstack-usage -MMD -MP -MF"Drivers/STM32F1xx_HAL_Driver/Src/stm32f1xx_hal_gpio.d" -MT"Drivers/STM32F1xx_HAL_Driver/Src/stm32f1xx_hal_gpio.o" --specs=nano.specs -mfloat-abi=soft -mthumb -o "Drivers/STM32F1xx_HAL_Driver/Src/stm32f1xx_hal_gpio.o"
arm-none-eabi-gcc "../Drivers/STM32F1xx_HAL_Driver/Src/stm32f1xx_hal_gpio_ex.c" -mcpu=cortex-m3 -std=gnu11 -g3 -DDEBUG -DUSE_HAL_DRIVER -DSTM32F103x6 -c -I../Core/Inc -I../Drivers/STM32F1xx_HAL_Driver/Inc -I../Drivers/STM32F1xx_HAL_Driver/Inc/Legacy -I../Drivers/CMSIS/Device/ST/STM32F1xx/Include -I../Drivers/CMSIS/Include -O0 -ffunction-sections -fdata-sections -Wall -fstack-usage -MMD -MP -MF"Drivers/STM32F1xx_HAL_Driver/Src/stm32f1xx_hal_gpio_ex.d" -MT"Drivers/STM32F1xx_HAL_Driver/Src/stm32f1xx_hal_gpio_ex.o" --specs=nano.specs -mfloat-abi=soft -mthumb -o "Drivers/STM32F1xx_HAL_Driver/Src/stm32f1xx_hal_gpio_ex.o"
arm-none-eabi-gcc "../Drivers/STM32F1xx_HAL_Driver/Src/stm32f1xx_hal_pwr.c" -mcpu=cortex-m3 -std=gnu11 -g3 -DDEBUG -DUSE_HAL_DRIVER -DSTM32F103x6 -c -I../Core/Inc -I../Drivers/STM32F1xx_HAL_Driver/Inc -I../Drivers/STM32F1xx_HAL_Driver/Inc/Legacy -I../Drivers/CMSIS/Device/ST/STM32F1xx/Include -I../Drivers/CMSIS/Include -O0 -ffunction-sections -fdata-sections -Wall -fstack-usage -MMD -MP -MF"Drivers/STM32F1xx_HAL_Driver/Src/stm32f1xx_hal_pwr.d" -MT"Drivers/STM32F1xx_HAL_Driver/Src/stm32f1xx_hal_pwr.o" --specs=nano.specs -mfloat-abi=soft -mthumb -o "Drivers/STM32F1xx_HAL_Driver/Src/stm32f1xx_hal_pwr.o"
arm-none-eabi-gcc "../Drivers/STM32F1xx_HAL_Driver/Src/stm32f1xx_hal_rcc.c" -mcpu=cortex-m3 -std=gnu11 -g3 -DDEBUG -DUSE_HAL_DRIVER -DSTM32F103x6 -c -I../Core/Inc -I../Drivers/STM32F1xx_HAL_Driver/Inc -I../Drivers/STM32F1xx_HAL_Driver/Inc/Legacy -I../Drivers/CMSIS/Device/ST/STM32F1xx/Include -I../Drivers/CMSIS/Include -O0 -ffunction-sections -fdata-sections -Wall -fstack-usage -MMD -MP -MF"Drivers/STM32F1xx_HAL_Driver/Src/stm32f1xx_hal_rcc.d" -MT"Drivers/STM32F1xx_HAL_Driver/Src/stm32f1xx_hal_rcc.o" --specs=nano.specs -mfloat-abi=soft -mthumb -o "Drivers/STM32F1xx_HAL_Driver/Src/stm32f1xx_hal_rcc.o"
arm-none-eabi-gcc "../Drivers/STM32F1xx_HAL_Driver/Src/stm32f1xx_hal_rcc_ex.c" -mcpu=cortex-m3 -std=gnu11 -g3 -DDEBUG -DUSE_HAL_DRIVER -DSTM32F103x6 -c -I../Core/Inc -I../Drivers/STM32F1xx_HAL_Driver/Inc -I../Drivers/STM32F1xx_HAL_Driver/Inc/Legacy -I../Drivers/CMSIS/Device/ST/STM32F1xx/Include -I../Drivers/CMSIS/Include -O0 -ffunction-sections -fdata-sections -Wall -fstack-usage -MMD -MP -MF"Drivers/STM32F1xx_HAL_Driver/Src/stm32f1xx_hal_rcc_ex.d" -MT"Drivers/STM32F1xx_HAL_Driver/Src/stm32f1xx_hal_rcc_ex.o" --specs=nano.specs -mfloat-abi=soft -mthumb -o "Drivers/STM32F1xx_HAL_Driver/Src/stm32f1xx_hal_rcc_ex.o"
arm-none-eabi-gcc "../Drivers/STM32F1xx_HAL_Driver/Src/stm32f1xx_hal_tim.c" -mcpu=cortex-m3 -std=gnu11 -g3 -DDEBUG -DUSE_HAL_DRIVER -DSTM32F103x6 -c -I../Core/Inc -I../Drivers/STM32F1xx_HAL_Driver/Inc -I../Drivers/STM32F1xx_HAL_Driver/Inc/Legacy -I../Drivers/CMSIS/Device/ST/STM32F1xx/Include -I../Drivers/CMSIS/Include -O0 -ffunction-sections -fdata-sections -Wall -fstack-usage -MMD -MP -MF"Drivers/STM32F1xx_HAL_Driver/Src/stm32f1xx_hal_tim.d" -MT"Drivers/STM32F1xx_HAL_Driver/Src/stm32f1xx_hal_tim.o" --specs=nano.specs -mfloat-abi=soft -mthumb -o "Drivers/STM32F1xx_HAL_Driver/Src/stm32f1xx_hal_tim.o"
arm-none-eabi-gcc "../Drivers/STM32F1xx_HAL_Driver/Src/stm32f1xx_hal_tim_ex.c" -mcpu=cortex-m3 -std=gnu11 -g3 -DDEBUG -DUSE_HAL_DRIVER -DSTM32F103x6 -c -I../Core/Inc -I../Drivers/STM32F1xx_HAL_Driver/Inc -I../Drivers/STM32F1xx_HAL_Driver/Inc/Legacy -I../Drivers/CMSIS/Device/ST/STM32F1xx/Include -I../Drivers/CMSIS/Include -O0 -ffunction-sections -fdata-sections -Wall -fstack-usage -MMD -MP -MF"Drivers/STM32F1xx_HAL_Driver/Src/stm32f1xx_hal_tim_ex.d" -MT"Drivers/STM32F1xx_HAL_Driver/Src/stm32f1xx_hal_tim_ex.o" --specs=nano.specs -mfloat-abi=soft -mthumb -o "Drivers/STM32F1xx_HAL_Driver/Src/stm32f1xx_hal_tim_ex.o"
arm-none-eabi-gcc "../Core/Src/SCH.c" -mcpu=cortex-m3 -std=gnu11 -g3 -DDEBUG -DUSE_HAL_DRIVER -DSTM32F103x6 -c -I../Core/Inc -I../Drivers/STM32F1xx_HAL_Driver/Inc -I../Drivers/STM32F1xx_HAL_Driver/Inc/Legacy -I../Drivers/CMSIS/Device/ST/STM32F1xx/Include -I../Drivers/CMSIS/Include -O0 -ffunction-sections -fdata-sections -Wall -fstack-usage -MMD -MP -MF"Core/Src/SCH.d" -MT"Core/Src/SCH.o" --specs=nano.specs -mfloat-abi=soft -mthumb -o "Core/Src/SCH.o"
arm-none-eabi-gcc "../Core/Src/main.c" -mcpu=cortex-m3 -std=gnu11 -g3 -DDEBUG -DUSE_HAL_DRIVER -DSTM32F103x6 -c -I../Core/Inc -I../Drivers/STM32F1xx_HAL_Driver/Inc -I../Drivers/STM32F1xx_HAL_Driver/Inc/Legacy -I../Drivers/CMSIS/Device/ST/STM32F1xx/Include -I../Drivers/CMSIS/Include -O0 -ffunction-sections -fdata-sections -Wall -fstack-usage -MMD -MP -MF"Core/Src/main.d" -MT"Core/Src/main.o" --specs=nano.specs -mfloat-abi=soft -mthumb -o "Core/Src/main.o"
../Core/Src/SCH.c: In function 'SCH_Delete_Task':
../Core/Src/SCH.c:55:1: warning: control reaches end of non-void function [-Wreturn-type]
   55 | }
      | ^
arm-none-eabi-gcc "../Core/Src/outputDisplay.c" -mcpu=cortex-m3 -std=gnu11 -g3 -DDEBUG -DUSE_HAL_DRIVER -DSTM32F103x6 -c -I../Core/Inc -I../Drivers/STM32F1xx_HAL_Driver/Inc -I../Drivers/STM32F1xx_HAL_Driver/Inc/Legacy -I../Drivers/CMSIS/Device/ST/STM32F1xx/Include -I../Drivers/CMSIS/Include -O0 -ffunction-sections -fdata-sections -Wall -fstack-usage -MMD -MP -MF"Core/Src/outputDisplay.d" -MT"Core/Src/outputDisplay.o" --specs=nano.specs -mfloat-abi=soft -mthumb -o "Core/Src/outputDisplay.o"
arm-none-eabi-gcc "../Core/Src/stm32f1xx_hal_msp.c" -mcpu=cortex-m3 -std=gnu11 -g3 -DDEBUG -DUSE_HAL_DRIVER -DSTM32F103x6 -c -I../Core/Inc -I../Drivers/STM32F1xx_HAL_Driver/Inc -I../Drivers/STM32F1xx_HAL_Driver/Inc/Legacy -I../Drivers/CMSIS/Device/ST/STM32F1xx/Include -I../Drivers/CMSIS/Include -O0 -ffunction-sections -fdata-sections -Wall -fstack-usage -MMD -MP -MF"Core/Src/stm32f1xx_hal_msp.d" -MT"Core/Src/stm32f1xx_hal_msp.o" --specs=nano.specs -mfloat-abi=soft -mthumb -o "Core/Src/stm32f1xx_hal_msp.o"
arm-none-eabi-gcc "../Core/Src/stm32f1xx_it.c" -mcpu=cortex-m3 -std=gnu11 -g3 -DDEBUG -DUSE_HAL_DRIVER -DSTM32F103x6 -c -I../Core/Inc -I../Drivers/STM32F1xx_HAL_Driver/Inc -I../Drivers/STM32F1xx_HAL_Driver/Inc/Legacy -I../Drivers/CMSIS/Device/ST/STM32F1xx/Include -I../Drivers/CMSIS/Include -O0 -ffunction-sections -fdata-sections -Wall -fstack-usage -MMD -MP -MF"Core/Src/stm32f1xx_it.d" -MT"Core/Src/stm32f1xx_it.o" --specs=nano.specs -mfloat-abi=soft -mthumb -o "Core/Src/stm32f1xx_it.o"
arm-none-eabi-gcc "../Core/Src/system_stm32f1xx.c" -mcpu=cortex-m3 -std=gnu11 -g3 -DDEBUG -DUSE_HAL_DRIVER -DSTM32F103x6 -c -I../Core/Inc -I../Drivers/STM32F1xx_HAL_Driver/Inc -I../Drivers/STM32F1xx_HAL_Driver/Inc/Legacy -I../Drivers/CMSIS/Device/ST/STM32F1xx/Include -I../Drivers/CMSIS/Include -O0 -ffunction-sections -fdata-sections -Wall -fstack-usage -MMD -MP -MF"Core/Src/system_stm32f1xx.d" -MT"Core/Src/system_stm32f1xx.o" --specs=nano.specs -mfloat-abi=soft -mthumb -o "Core/Src/system_stm32f1xx.o"
arm-none-eabi-gcc -o "lab4_stm32.elf" @"objects.list"   -mcpu=cortex-m3 -T"E:\221\MCU\MCU_Lab4\lab4_stm32\STM32F103C6UX_FLASH.ld" --specs=nosys.specs -Wl,-Map="lab4_stm32.map" -Wl,--gc-sections -static --specs=nano.specs -mfloat-abi=soft -mthumb -Wl,--start-group -lc -lm -Wl,--end-group
Finished building target: lab4_stm32.elf
 
arm-none-eabi-size   lab4_stm32.elf 
arm-none-eabi-objdump -h -S  lab4_stm32.elf  > "lab4_stm32.list"
arm-none-eabi-objcopy  -O ihex  lab4_stm32.elf  "lab4_stm32.hex"
   text	   data	    bss	    dec	    hex	filename
   7420	     20	   2444	   9884	   269c	lab4_stm32.elf
arm-none-eabi-objcopy  -O binary  lab4_stm32.elf  "lab4_stm32.bin"
Finished building: default.size.stdout
 
Finished building: lab4_stm32.hex
Finished building: lab4_stm32.list
Finished building: lab4_stm32.bin
 
 
 
10:33:16 **** Incremental Build of configuration Debug for project lab4_stm32 ****
make -j4 all 
arm-none-eabi-gcc "../Core/Src/main.c" -mcpu=cortex-m3 -std=gnu11 -g3 -DDEBUG -DUSE_HAL_DRIVER -DSTM32F103x6 -c -I../Core/Inc -I../Drivers/STM32F1xx_HAL_Driver/Inc -I../Drivers/STM32F1xx_HAL_Driver/Inc/Legacy -I../Drivers/CMSIS/Device/ST/STM32F1xx/Include -I../Drivers/CMSIS/Include -O0 -ffunction-sections -fdata-sections -Wall -fstack-usage -MMD -MP -MF"Core/Src/main.d" -MT"Core/Src/main.o" --specs=nano.specs -mfloat-abi=soft -mthumb -o "Core/Src/main.o"
arm-none-eabi-gcc -o "lab4_stm32.elf" @"objects.list"   -mcpu=cortex-m3 -T"E:\221\MCU\MCU_Lab4\lab4_stm32\STM32F103C6UX_FLASH.ld" --specs=nosys.specs -Wl,-Map="lab4_stm32.map" -Wl,--gc-sections -static --specs=nano.specs -mfloat-abi=soft -mthumb -Wl,--start-group -lc -lm -Wl,--end-group
Finished building target: lab4_stm32.elf
 
arm-none-eabi-size   lab4_stm32.elf 
arm-none-eabi-objdump -h -S  lab4_stm32.elf  > "lab4_stm32.list"
arm-none-eabi-objcopy  -O ihex  lab4_stm32.elf  "lab4_stm32.hex"
arm-none-eabi-objcopy  -O binary  lab4_stm32.elf  "lab4_stm32.bin"
   text	   data	    bss	    dec	    hex	filename
   7552	     20	   2444	  10016	   2720	lab4_stm32.elf
Finished building: default.size.stdout
 
Finished building: lab4_stm32.hex
Finished building: lab4_stm32.bin
 
Finished building: lab4_stm32.list
 
 
11:15:53 **** Incremental Build of configuration Debug for project lab4_stm32 ****
make -j4 all 
arm-none-eabi-gcc "../Core/Src/SCH.c" -mcpu=cortex-m3 -std=gnu11 -g3 -DDEBUG -DUSE_HAL_DRIVER -DSTM32F103x6 -c -I../Core/Inc -I../Drivers/STM32F1xx_HAL_Driver/Inc -I../Drivers/STM32F1xx_HAL_Driver/Inc/Legacy -I../Drivers/CMSIS/Device/ST/STM32F1xx/Include -I../Drivers/CMSIS/Include -O0 -ffunction-sections -fdata-sections -Wall -fstack-usage -MMD -MP -MF"Core/Src/SCH.d" -MT"Core/Src/SCH.o" --specs=nano.specs -mfloat-abi=soft -mthumb -o "Core/Src/SCH.o"
arm-none-eabi-gcc "../Core/Src/main.c" -mcpu=cortex-m3 -std=gnu11 -g3 -DDEBUG -DUSE_HAL_DRIVER -DSTM32F103x6 -c -I../Core/Inc -I../Drivers/STM32F1xx_HAL_Driver/Inc -I../Drivers/STM32F1xx_HAL_Driver/Inc/Legacy -I../Drivers/CMSIS/Device/ST/STM32F1xx/Include -I../Drivers/CMSIS/Include -O0 -ffunction-sections -fdata-sections -Wall -fstack-usage -MMD -MP -MF"Core/Src/main.d" -MT"Core/Src/main.o" --specs=nano.specs -mfloat-abi=soft -mthumb -o "Core/Src/main.o"
../Core/Src/SCH.c: In function 'SCH_Delete_Task':
../Core/Src/SCH.c:68:1: warning: control reaches end of non-void function [-Wreturn-type]
   68 | }
      | ^
arm-none-eabi-gcc -o "lab4_stm32.elf" @"objects.list"   -mcpu=cortex-m3 -T"E:\221\MCU\MCU_Lab4\lab4_stm32\STM32F103C6UX_FLASH.ld" --specs=nosys.specs -Wl,-Map="lab4_stm32.map" -Wl,--gc-sections -static --specs=nano.specs -mfloat-abi=soft -mthumb -Wl,--start-group -lc -lm -Wl,--end-group
Finished building target: lab4_stm32.elf
 
arm-none-eabi-size   lab4_stm32.elf 
arm-none-eabi-objdump -h -S  lab4_stm32.elf  > "lab4_stm32.list"
arm-none-eabi-objcopy  -O ihex  lab4_stm32.elf  "lab4_stm32.hex"
arm-none-eabi-objcopy  -O binary  lab4_stm32.elf  "lab4_stm32.bin"
   text	   data	    bss	    dec	    hex	filename
   7856	     20	   2444	  10320	   2850	lab4_stm32.elf
Finished building: default.size.stdout
 
Finished building: lab4_stm32.bin
Finished building: lab4_stm32.list
Finished building: lab4_stm32.hex
 
 
 
11:17:44 **** Incremental Build of configuration Debug for project lab4_stm32 ****
make -j4 all 
arm-none-eabi-gcc "../Core/Src/main.c" -mcpu=cortex-m3 -std=gnu11 -g3 -DDEBUG -DUSE_HAL_DRIVER -DSTM32F103x6 -c -I../Core/Inc -I../Drivers/STM32F1xx_HAL_Driver/Inc -I../Drivers/STM32F1xx_HAL_Driver/Inc/Legacy -I../Drivers/CMSIS/Device/ST/STM32F1xx/Include -I../Drivers/CMSIS/Include -O0 -ffunction-sections -fdata-sections -Wall -fstack-usage -MMD -MP -MF"Core/Src/main.d" -MT"Core/Src/main.o" --specs=nano.specs -mfloat-abi=soft -mthumb -o "Core/Src/main.o"
arm-none-eabi-gcc -o "lab4_stm32.elf" @"objects.list"   -mcpu=cortex-m3 -T"E:\221\MCU\MCU_Lab4\lab4_stm32\STM32F103C6UX_FLASH.ld" --specs=nosys.specs -Wl,-Map="lab4_stm32.map" -Wl,--gc-sections -static --specs=nano.specs -mfloat-abi=soft -mthumb -Wl,--start-group -lc -lm -Wl,--end-group
Finished building target: lab4_stm32.elf
 
arm-none-eabi-size   lab4_stm32.elf 
arm-none-eabi-objdump -h -S  lab4_stm32.elf  > "lab4_stm32.list"
arm-none-eabi-objcopy  -O ihex  lab4_stm32.elf  "lab4_stm32.hex"
arm-none-eabi-objcopy  -O binary  lab4_stm32.elf  "lab4_stm32.bin"
   text	   data	    bss	    dec	    hex	filename
   7852	     20	   2444	  10316	   284c	lab4_stm32.elf
Finished building: default.size.stdout
 
Finished building: lab4_stm32.hex
Finished building: lab4_stm32.bin
 
 
Finished building: lab4_stm32.list
 
16:36:33 **** Incremental Build of configuration Debug for project lab4_stm32 ****
make -j4 all 
arm-none-eabi-gcc "../Core/Src/main.c" -mcpu=cortex-m3 -std=gnu11 -g3 -DDEBUG -DUSE_HAL_DRIVER -DSTM32F103x6 -c -I../Core/Inc -I../Drivers/STM32F1xx_HAL_Driver/Inc -I../Drivers/STM32F1xx_HAL_Driver/Inc/Legacy -I../Drivers/CMSIS/Device/ST/STM32F1xx/Include -I../Drivers/CMSIS/Include -O0 -ffunction-sections -fdata-sections -Wall -fstack-usage -MMD -MP -MF"Core/Src/main.d" -MT"Core/Src/main.o" --specs=nano.specs -mfloat-abi=soft -mthumb -o "Core/Src/main.o"
arm-none-eabi-gcc -o "lab4_stm32.elf" @"objects.list"   -mcpu=cortex-m3 -T"E:\221\MCU\MCU_Lab4\lab4_stm32\STM32F103C6UX_FLASH.ld" --specs=nosys.specs -Wl,-Map="lab4_stm32.map" -Wl,--gc-sections -static --specs=nano.specs -mfloat-abi=soft -mthumb -Wl,--start-group -lc -lm -Wl,--end-group
Finished building target: lab4_stm32.elf
 
arm-none-eabi-size   lab4_stm32.elf 
arm-none-eabi-objdump -h -S  lab4_stm32.elf  > "lab4_stm32.list"
arm-none-eabi-objcopy  -O ihex  lab4_stm32.elf  "lab4_stm32.hex"
arm-none-eabi-objcopy  -O binary  lab4_stm32.elf  "lab4_stm32.bin"
   text	   data	    bss	    dec	    hex	filename
   7732	     20	   2444	  10196	   27d4	lab4_stm32.elf
Finished building: default.size.stdout
 
Finished building: lab4_stm32.hex
Finished building: lab4_stm32.bin
 
 
Finished building: lab4_stm32.list
 
18:22:14 **** Incremental Build of configuration Debug for project lab4_stm32 ****
make -j4 all 
arm-none-eabi-gcc "../Core/Src/SCH.c" -mcpu=cortex-m3 -std=gnu11 -g3 -DDEBUG -DUSE_HAL_DRIVER -DSTM32F103x6 -c -I../Core/Inc -I../Drivers/STM32F1xx_HAL_Driver/Inc -I../Drivers/STM32F1xx_HAL_Driver/Inc/Legacy -I../Drivers/CMSIS/Device/ST/STM32F1xx/Include -I../Drivers/CMSIS/Include -O0 -ffunction-sections -fdata-sections -Wall -fstack-usage -MMD -MP -MF"Core/Src/SCH.d" -MT"Core/Src/SCH.o" --specs=nano.specs -mfloat-abi=soft -mthumb -o "Core/Src/SCH.o"
../Core/Src/SCH.c:69:1: error: unknown type name 'sTasks'; did you mean 'sTask'?
   69 | sTasks SCH_tasks_G[SCH_MAX_TASKS];
      | ^~~~~~
      | sTask
../Core/Src/SCH.c:69:8: error: conflicting types for 'SCH_tasks_G'
   69 | sTasks SCH_tasks_G[SCH_MAX_TASKS];
      |        ^~~~~~~~~~~
In file included from ../Core/Src/SCH.c:8:
../Core/Inc/SCH.h:21:7: note: previous declaration of 'SCH_tasks_G' was here
   21 | sTask SCH_tasks_G[SCH_MAX_TASKS];
      |       ^~~~~~~~~~~
../Core/Src/SCH.c:71:9: error: conflicting types for 'current_index_task'
   71 | uint8_t current_index_task = 0;
      |         ^~~~~~~~~~~~~~~~~~
In file included from ../Core/Src/SCH.c:8:
../Core/Inc/SCH.h:23:12: note: previous declaration of 'current_index_task' was here
   23 | extern int current_index_task;
      |            ^~~~~~~~~~~~~~~~~~
../Core/Src/SCH.c: In function 'SCH_Reset_Task':
../Core/Src/SCH.c:77:23: error: request for member 'pTask' in something not a structure or union
   77 |  SCH_tasks_G[TASK_IDX].pTask = 0x0000;
      |                       ^
../Core/Src/SCH.c:78:23: error: request for member 'Delay' in something not a structure or union
   78 |  SCH_tasks_G[TASK_IDX].Delay = 0;
      |                       ^
../Core/Src/SCH.c:79:23: error: request for member 'Period' in something not a structure or union
   79 |  SCH_tasks_G[TASK_IDX].Period = 0;
      |                       ^
../Core/Src/SCH.c:80:23: error: request for member 'RunMe' in something not a structure or union
   80 |  SCH_tasks_G[TASK_IDX].RunMe = 0;
      |                       ^
../Core/Src/SCH.c:81:23: error: request for member 'TaskID' in something not a structure or union
   81 |  SCH_tasks_G[TASK_IDX].TaskID = 0;
      |                       ^
../Core/Src/SCH.c: In function 'SCH_Add_Task':
../Core/Src/SCH.c:93:2: error: unknown type name 'sTasks'; did you mean 'sTask'?
   93 |  sTasks taskTemp;
      |  ^~~~~~
      |  sTask
../Core/Src/SCH.c:94:10: error: request for member 'pTask' in something not a structure or union
   94 |  taskTemp.pTask = pFunction;
      |          ^
../Core/Src/SCH.c:95:10: error: request for member 'Delay' in something not a structure or union
   95 |  taskTemp.Delay = DELAY;
      |          ^
../Core/Src/SCH.c:96:10: error: request for member 'Period' in something not a structure or union
   96 |  taskTemp.Period =  PERIOD;
      |          ^
../Core/Src/SCH.c:97:10: error: request for member 'RunMe' in something not a structure or union
   97 |  taskTemp.RunMe = 0;
      |          ^
../Core/Src/SCH.c:98:10: error: request for member 'TaskID' in something not a structure or union
   98 |  taskTemp.TaskID = current_index_task;
      |          ^
../Core/Src/SCH.c:108:15: error: request for member 'Delay' in something not a structure or union
  108 |    if(taskTemp.Delay > SCH_tasks_G[newTaskPos].Delay)
      |               ^
../Core/Src/SCH.c:108:47: error: request for member 'Delay' in something not a structure or union
  108 |    if(taskTemp.Delay > SCH_tasks_G[newTaskPos].Delay)
      |                                               ^
../Core/Src/SCH.c:109:13: error: request for member 'Delay' in something not a structure or union
  109 |     taskTemp.Delay -= SCH_tasks_G[newTaskPos].Delay;
      |             ^
../Core/Src/SCH.c:109:46: error: request for member 'Delay' in something not a structure or union
  109 |     taskTemp.Delay -= SCH_tasks_G[newTaskPos].Delay;
      |                                              ^
../Core/Src/SCH.c:115:30: error: request for member 'Delay' in something not a structure or union
  115 |   SCH_tasks_G[newTaskPos + 1].Delay -= SCH_tasks_G[newTaskPos].Delay;
      |                              ^
../Core/Src/SCH.c:115:63: error: request for member 'Delay' in something not a structure or union
  115 |   SCH_tasks_G[newTaskPos + 1].Delay -= SCH_tasks_G[newTaskPos].Delay;
      |                                                               ^
../Core/Src/SCH.c: In function 'SCH_Dispatch_Tasks':
../Core/Src/SCH.c:120:22: error: request for member 'pTask' in something not a structure or union
  120 |  while(SCH_tasks_G[0].pTask != 0x0000){
      |                      ^
../Core/Src/SCH.c:121:20: error: request for member 'RunMe' in something not a structure or union
  121 |   if(SCH_tasks_G[0].RunMe > 0){
      |                    ^
../Core/Src/SCH.c:122:18: error: request for member 'RunMe' in something not a structure or union
  122 |    SCH_tasks_G[0].RunMe--;
      |                  ^
../Core/Src/SCH.c:123:20: error: request for member 'pTask' in something not a structure or union
  123 |    (*SCH_tasks_G[0].pTask)();
      |                    ^
../Core/Src/SCH.c:125:21: error: request for member 'Period' in something not a structure or union
  125 |    if(SCH_tasks_G[0].Period > 0) SCH_Add_Task(SCH_tasks_G[0].pTask, SCH_tasks_G[0].Period, SCH_tasks_G[0].Period);
      |                     ^
../Core/Src/SCH.c:125:61: error: request for member 'pTask' in something not a structure or union
  125 |    if(SCH_tasks_G[0].Period > 0) SCH_Add_Task(SCH_tasks_G[0].pTask, SCH_tasks_G[0].Period, SCH_tasks_G[0].Period);
      |                                                             ^
../Core/Src/SCH.c:125:83: error: request for member 'Period' in something not a structure or union
  125 |    if(SCH_tasks_G[0].Period > 0) SCH_Add_Task(SCH_tasks_G[0].pTask, SCH_tasks_G[0].Period, SCH_tasks_G[0].Period);
      |                                                                                   ^
../Core/Src/SCH.c:125:106: error: request for member 'Period' in something not a structure or union
  125 |    if(SCH_tasks_G[0].Period > 0) SCH_Add_Task(SCH_tasks_G[0].pTask, SCH_tasks_G[0].Period, SCH_tasks_G[0].Period);
      |                                                                                                          ^
../Core/Src/SCH.c:126:4: warning: implicit declaration of function 'SCH_Delete_Tasks'; did you mean 'SCH_Delete_Task'? [-Wimplicit-function-declaration]
  126 |    SCH_Delete_Tasks(0);
      |    ^~~~~~~~~~~~~~~~
      |    SCH_Delete_Task
../Core/Src/SCH.c: In function 'SCH_Update':
../Core/Src/SCH.c:132:19: error: request for member 'Delay' in something not a structure or union
  132 |  if(SCH_tasks_G[0].Delay > 0) SCH_tasks_G[0].Delay--;
      |                   ^
../Core/Src/SCH.c:132:45: error: request for member 'Delay' in something not a structure or union
  132 |  if(SCH_tasks_G[0].Delay > 0) SCH_tasks_G[0].Delay--;
      |                                             ^
../Core/Src/SCH.c:133:19: error: request for member 'Delay' in something not a structure or union
  133 |  if(SCH_tasks_G[0].Delay == 0) SCH_tasks_G[0].RunMe++;
      |                   ^
../Core/Src/SCH.c:133:46: error: request for member 'RunMe' in something not a structure or union
  133 |  if(SCH_tasks_G[0].Delay == 0) SCH_tasks_G[0].RunMe++;
      |                                              ^
../Core/Src/SCH.c: At top level:
../Core/Src/SCH.c:136:6: warning: conflicting types for 'SCH_Delete_Tasks'
  136 | void SCH_Delete_Tasks(uint32_t taskIDX){
      |      ^~~~~~~~~~~~~~~~
../Core/Src/SCH.c:126:4: note: previous implicit declaration of 'SCH_Delete_Tasks' was here
  126 |    SCH_Delete_Tasks(0);
      |    ^~~~~~~~~~~~~~~~
make: *** [Core/Src/subdir.mk:40: Core/Src/SCH.o] Error 1
"make -j4 all" terminated with exit code 2. Build might be incomplete.
18:22:39 **** Incremental Build of configuration Debug for project lab4_stm32 ****
make -j4 all 
arm-none-eabi-gcc "../Core/Src/SCH.c" -mcpu=cortex-m3 -std=gnu11 -g3 -DDEBUG -DUSE_HAL_DRIVER -DSTM32F103x6 -c -I../Core/Inc -I../Drivers/STM32F1xx_HAL_Driver/Inc -I../Drivers/STM32F1xx_HAL_Driver/Inc/Legacy -I../Drivers/CMSIS/Device/ST/STM32F1xx/Include -I../Drivers/CMSIS/Include -O0 -ffunction-sections -fdata-sections -Wall -fstack-usage -MMD -MP -MF"Core/Src/SCH.d" -MT"Core/Src/SCH.o" --specs=nano.specs -mfloat-abi=soft -mthumb -o "Core/Src/SCH.o"
../Core/Src/SCH.c:69:1: error: unknown type name 'sTasks'; did you mean 'sTask'?
   69 | sTasks SCH_tasks_G[SCH_MAX_TASKS];
      | ^~~~~~
      | sTask
../Core/Src/SCH.c:69:8: error: conflicting types for 'SCH_tasks_G'
   69 | sTasks SCH_tasks_G[SCH_MAX_TASKS];
      |        ^~~~~~~~~~~
In file included from ../Core/Src/SCH.c:8:
../Core/Inc/SCH.h:21:7: note: previous declaration of 'SCH_tasks_G' was here
   21 | sTask SCH_tasks_G[SCH_MAX_TASKS];
      |       ^~~~~~~~~~~
../Core/Src/SCH.c:71:9: error: conflicting types for 'current_index_task'
   71 | uint8_t current_index_task = 0;
      |         ^~~~~~~~~~~~~~~~~~
In file included from ../Core/Src/SCH.c:8:
../Core/Inc/SCH.h:23:12: note: previous declaration of 'current_index_task' was here
   23 | extern int current_index_task;
      |            ^~~~~~~~~~~~~~~~~~
../Core/Src/SCH.c: In function 'SCH_Reset_Task':
../Core/Src/SCH.c:77:23: error: request for member 'pTask' in something not a structure or union
   77 |  SCH_tasks_G[TASK_IDX].pTask = 0x0000;
      |                       ^
../Core/Src/SCH.c:78:23: error: request for member 'Delay' in something not a structure or union
   78 |  SCH_tasks_G[TASK_IDX].Delay = 0;
      |                       ^
../Core/Src/SCH.c:79:23: error: request for member 'Period' in something not a structure or union
   79 |  SCH_tasks_G[TASK_IDX].Period = 0;
      |                       ^
../Core/Src/SCH.c:80:23: error: request for member 'RunMe' in something not a structure or union
   80 |  SCH_tasks_G[TASK_IDX].RunMe = 0;
      |                       ^
../Core/Src/SCH.c:81:23: error: request for member 'TaskID' in something not a structure or union
   81 |  SCH_tasks_G[TASK_IDX].TaskID = 0;
      |                       ^
../Core/Src/SCH.c: In function 'SCH_Add_Task':
../Core/Src/SCH.c:102:21: error: incompatible types when assigning to type 'int' from type 'sTask' {aka 'struct <anonymous>'}
  102 |    SCH_tasks_G[0] = taskTemp;
      |                     ^~~~~~~~
../Core/Src/SCH.c:108:47: error: request for member 'Delay' in something not a structure or union
  108 |    if(taskTemp.Delay > SCH_tasks_G[newTaskPos].Delay)
      |                                               ^
../Core/Src/SCH.c:109:46: error: request for member 'Delay' in something not a structure or union
  109 |     taskTemp.Delay -= SCH_tasks_G[newTaskPos].Delay;
      |                                              ^
../Core/Src/SCH.c:114:29: error: incompatible types when assigning to type 'int' from type 'sTask' {aka 'struct <anonymous>'}
  114 |   SCH_tasks_G[newTaskPos] = taskTemp;
      |                             ^~~~~~~~
../Core/Src/SCH.c:115:30: error: request for member 'Delay' in something not a structure or union
  115 |   SCH_tasks_G[newTaskPos + 1].Delay -= SCH_tasks_G[newTaskPos].Delay;
      |                              ^
../Core/Src/SCH.c:115:63: error: request for member 'Delay' in something not a structure or union
  115 |   SCH_tasks_G[newTaskPos + 1].Delay -= SCH_tasks_G[newTaskPos].Delay;
      |                                                               ^
../Core/Src/SCH.c: In function 'SCH_Dispatch_Tasks':
../Core/Src/SCH.c:120:22: error: request for member 'pTask' in something not a structure or union
  120 |  while(SCH_tasks_G[0].pTask != 0x0000){
      |                      ^
../Core/Src/SCH.c:121:20: error: request for member 'RunMe' in something not a structure or union
  121 |   if(SCH_tasks_G[0].RunMe > 0){
      |                    ^
../Core/Src/SCH.c:122:18: error: request for member 'RunMe' in something not a structure or union
  122 |    SCH_tasks_G[0].RunMe--;
      |                  ^
../Core/Src/SCH.c:123:20: error: request for member 'pTask' in something not a structure or union
  123 |    (*SCH_tasks_G[0].pTask)();
      |                    ^
../Core/Src/SCH.c:125:21: error: request for member 'Period' in something not a structure or union
  125 |    if(SCH_tasks_G[0].Period > 0) SCH_Add_Task(SCH_tasks_G[0].pTask, SCH_tasks_G[0].Period, SCH_tasks_G[0].Period);
      |                     ^
../Core/Src/SCH.c:125:61: error: request for member 'pTask' in something not a structure or union
  125 |    if(SCH_tasks_G[0].Period > 0) SCH_Add_Task(SCH_tasks_G[0].pTask, SCH_tasks_G[0].Period, SCH_tasks_G[0].Period);
      |                                                             ^
../Core/Src/SCH.c:125:83: error: request for member 'Period' in something not a structure or union
  125 |    if(SCH_tasks_G[0].Period > 0) SCH_Add_Task(SCH_tasks_G[0].pTask, SCH_tasks_G[0].Period, SCH_tasks_G[0].Period);
      |                                                                                   ^
../Core/Src/SCH.c:125:106: error: request for member 'Period' in something not a structure or union
  125 |    if(SCH_tasks_G[0].Period > 0) SCH_Add_Task(SCH_tasks_G[0].pTask, SCH_tasks_G[0].Period, SCH_tasks_G[0].Period);
      |                                                                                                          ^
../Core/Src/SCH.c:126:4: warning: implicit declaration of function 'SCH_Delete_Tasks'; did you mean 'SCH_Delete_Task'? [-Wimplicit-function-declaration]
  126 |    SCH_Delete_Tasks(0);
      |    ^~~~~~~~~~~~~~~~
      |    SCH_Delete_Task
../Core/Src/SCH.c: In function 'SCH_Update':
../Core/Src/SCH.c:132:19: error: request for member 'Delay' in something not a structure or union
  132 |  if(SCH_tasks_G[0].Delay > 0) SCH_tasks_G[0].Delay--;
      |                   ^
../Core/Src/SCH.c:132:45: error: request for member 'Delay' in something not a structure or union
  132 |  if(SCH_tasks_G[0].Delay > 0) SCH_tasks_G[0].Delay--;
      |                                             ^
../Core/Src/SCH.c:133:19: error: request for member 'Delay' in something not a structure or union
  133 |  if(SCH_tasks_G[0].Delay == 0) SCH_tasks_G[0].RunMe++;
      |                   ^
../Core/Src/SCH.c:133:46: error: request for member 'RunMe' in something not a structure or union
  133 |  if(SCH_tasks_G[0].Delay == 0) SCH_tasks_G[0].RunMe++;
      |                                              ^
../Core/Src/SCH.c: At top level:
../Core/Src/SCH.c:136:6: warning: conflicting types for 'SCH_Delete_Tasks'
  136 | void SCH_Delete_Tasks(uint32_t taskIDX){
      |      ^~~~~~~~~~~~~~~~
../Core/Src/SCH.c:126:4: note: previous implicit declaration of 'SCH_Delete_Tasks' was here
  126 |    SCH_Delete_Tasks(0);
      |    ^~~~~~~~~~~~~~~~
make: *** [Core/Src/subdir.mk:40: Core/Src/SCH.o] Error 1
"make -j4 all" terminated with exit code 2. Build might be incomplete.
18:23:38 **** Incremental Build of configuration Debug for project lab4_stm32 ****
make -j4 all 
arm-none-eabi-gcc "../Core/Src/SCH.c" -mcpu=cortex-m3 -std=gnu11 -g3 -DDEBUG -DUSE_HAL_DRIVER -DSTM32F103x6 -c -I../Core/Inc -I../Drivers/STM32F1xx_HAL_Driver/Inc -I../Drivers/STM32F1xx_HAL_Driver/Inc/Legacy -I../Drivers/CMSIS/Device/ST/STM32F1xx/Include -I../Drivers/CMSIS/Include -O0 -ffunction-sections -fdata-sections -Wall -fstack-usage -MMD -MP -MF"Core/Src/SCH.d" -MT"Core/Src/SCH.o" --specs=nano.specs -mfloat-abi=soft -mthumb -o "Core/Src/SCH.o"
../Core/Src/SCH.c:69:1: error: unknown type name 'sTasks'; did you mean 'sTask'?
   69 | sTasks SCH_tasks_G[SCH_MAX_TASKS];
      | ^~~~~~
      | sTask
../Core/Src/SCH.c:69:8: error: conflicting types for 'SCH_tasks_G'
   69 | sTasks SCH_tasks_G[SCH_MAX_TASKS];
      |        ^~~~~~~~~~~
In file included from ../Core/Src/SCH.c:8:
../Core/Inc/SCH.h:21:7: note: previous declaration of 'SCH_tasks_G' was here
   21 | sTask SCH_tasks_G[SCH_MAX_TASKS];
      |       ^~~~~~~~~~~
../Core/Src/SCH.c:71:9: error: conflicting types for 'current_index_task'
   71 | uint8_t current_index_task = 0;
      |         ^~~~~~~~~~~~~~~~~~
In file included from ../Core/Src/SCH.c:8:
../Core/Inc/SCH.h:23:12: note: previous declaration of 'current_index_task' was here
   23 | extern int current_index_task;
      |            ^~~~~~~~~~~~~~~~~~
../Core/Src/SCH.c: In function 'SCH_Reset_Task':
../Core/Src/SCH.c:77:23: error: request for member 'pTask' in something not a structure or union
   77 |  SCH_tasks_G[TASK_IDX].pTask = 0x0000;
      |                       ^
../Core/Src/SCH.c:78:23: error: request for member 'Delay' in something not a structure or union
   78 |  SCH_tasks_G[TASK_IDX].Delay = 0;
      |                       ^
../Core/Src/SCH.c:79:23: error: request for member 'Period' in something not a structure or union
   79 |  SCH_tasks_G[TASK_IDX].Period = 0;
      |                       ^
../Core/Src/SCH.c:80:23: error: request for member 'RunMe' in something not a structure or union
   80 |  SCH_tasks_G[TASK_IDX].RunMe = 0;
      |                       ^
../Core/Src/SCH.c:81:23: error: request for member 'TaskID' in something not a structure or union
   81 |  SCH_tasks_G[TASK_IDX].TaskID = 0;
      |                       ^
../Core/Src/SCH.c: In function 'SCH_Add_Task':
../Core/Src/SCH.c:102:21: error: incompatible types when assigning to type 'int' from type 'sTask' {aka 'struct <anonymous>'}
  102 |    SCH_tasks_G[0] = taskTemp;
      |                     ^~~~~~~~
../Core/Src/SCH.c:108:47: error: request for member 'Delay' in something not a structure or union
  108 |    if(taskTemp.Delay > SCH_tasks_G[newTaskPos].Delay)
      |                                               ^
../Core/Src/SCH.c:109:46: error: request for member 'Delay' in something not a structure or union
  109 |     taskTemp.Delay -= SCH_tasks_G[newTaskPos].Delay;
      |                                              ^
../Core/Src/SCH.c:114:29: error: incompatible types when assigning to type 'int' from type 'sTask' {aka 'struct <anonymous>'}
  114 |   SCH_tasks_G[newTaskPos] = taskTemp;
      |                             ^~~~~~~~
../Core/Src/SCH.c:115:30: error: request for member 'Delay' in something not a structure or union
  115 |   SCH_tasks_G[newTaskPos + 1].Delay -= SCH_tasks_G[newTaskPos].Delay;
      |                              ^
../Core/Src/SCH.c:115:63: error: request for member 'Delay' in something not a structure or union
  115 |   SCH_tasks_G[newTaskPos + 1].Delay -= SCH_tasks_G[newTaskPos].Delay;
      |                                                               ^
../Core/Src/SCH.c: In function 'SCH_Dispatch_Tasks':
../Core/Src/SCH.c:120:22: error: request for member 'pTask' in something not a structure or union
  120 |  while(SCH_tasks_G[0].pTask != 0x0000){
      |                      ^
../Core/Src/SCH.c:121:20: error: request for member 'RunMe' in something not a structure or union
  121 |   if(SCH_tasks_G[0].RunMe > 0){
      |                    ^
../Core/Src/SCH.c:122:18: error: request for member 'RunMe' in something not a structure or union
  122 |    SCH_tasks_G[0].RunMe--;
      |                  ^
../Core/Src/SCH.c:123:20: error: request for member 'pTask' in something not a structure or union
  123 |    (*SCH_tasks_G[0].pTask)();
      |                    ^
../Core/Src/SCH.c:125:21: error: request for member 'Period' in something not a structure or union
  125 |    if(SCH_tasks_G[0].Period > 0) SCH_Add_Task(SCH_tasks_G[0].pTask, SCH_tasks_G[0].Period, SCH_tasks_G[0].Period);
      |                     ^
../Core/Src/SCH.c:125:61: error: request for member 'pTask' in something not a structure or union
  125 |    if(SCH_tasks_G[0].Period > 0) SCH_Add_Task(SCH_tasks_G[0].pTask, SCH_tasks_G[0].Period, SCH_tasks_G[0].Period);
      |                                                             ^
../Core/Src/SCH.c:125:83: error: request for member 'Period' in something not a structure or union
  125 |    if(SCH_tasks_G[0].Period > 0) SCH_Add_Task(SCH_tasks_G[0].pTask, SCH_tasks_G[0].Period, SCH_tasks_G[0].Period);
      |                                                                                   ^
../Core/Src/SCH.c:125:106: error: request for member 'Period' in something not a structure or union
  125 |    if(SCH_tasks_G[0].Period > 0) SCH_Add_Task(SCH_tasks_G[0].pTask, SCH_tasks_G[0].Period, SCH_tasks_G[0].Period);
      |                                                                                                          ^
../Core/Src/SCH.c:126:4: warning: implicit declaration of function 'SCH_Delete_Tasks'; did you mean 'SCH_Delete_Task'? [-Wimplicit-function-declaration]
  126 |    SCH_Delete_Tasks(0);
      |    ^~~~~~~~~~~~~~~~
      |    SCH_Delete_Task
../Core/Src/SCH.c: In function 'SCH_Update':
../Core/Src/SCH.c:132:19: error: request for member 'Delay' in something not a structure or union
  132 |  if(SCH_tasks_G[0].Delay > 0) SCH_tasks_G[0].Delay--;
      |                   ^
../Core/Src/SCH.c:132:45: error: request for member 'Delay' in something not a structure or union
  132 |  if(SCH_tasks_G[0].Delay > 0) SCH_tasks_G[0].Delay--;
      |                                             ^
../Core/Src/SCH.c:133:19: error: request for member 'Delay' in something not a structure or union
  133 |  if(SCH_tasks_G[0].Delay == 0) SCH_tasks_G[0].RunMe++;
      |                   ^
../Core/Src/SCH.c:133:46: error: request for member 'RunMe' in something not a structure or union
  133 |  if(SCH_tasks_G[0].Delay == 0) SCH_tasks_G[0].RunMe++;
      |                                              ^
../Core/Src/SCH.c: At top level:
../Core/Src/SCH.c:136:6: warning: conflicting types for 'SCH_Delete_Tasks'
  136 | void SCH_Delete_Tasks(uint32_t taskIDX){
      |      ^~~~~~~~~~~~~~~~
../Core/Src/SCH.c:126:4: note: previous implicit declaration of 'SCH_Delete_Tasks' was here
  126 |    SCH_Delete_Tasks(0);
      |    ^~~~~~~~~~~~~~~~
make: *** [Core/Src/subdir.mk:40: Core/Src/SCH.o] Error 1
"make -j4 all" terminated with exit code 2. Build might be incomplete.
18:24:43 **** Incremental Build of configuration Debug for project lab4_stm32 ****
make -j4 all 
arm-none-eabi-gcc "../Core/Src/SCH.c" -mcpu=cortex-m3 -std=gnu11 -g3 -DDEBUG -DUSE_HAL_DRIVER -DSTM32F103x6 -c -I../Core/Inc -I../Drivers/STM32F1xx_HAL_Driver/Inc -I../Drivers/STM32F1xx_HAL_Driver/Inc/Legacy -I../Drivers/CMSIS/Device/ST/STM32F1xx/Include -I../Drivers/CMSIS/Include -O0 -ffunction-sections -fdata-sections -Wall -fstack-usage -MMD -MP -MF"Core/Src/SCH.d" -MT"Core/Src/SCH.o" --specs=nano.specs -mfloat-abi=soft -mthumb -o "Core/Src/SCH.o"
arm-none-eabi-gcc "../Core/Src/main.c" -mcpu=cortex-m3 -std=gnu11 -g3 -DDEBUG -DUSE_HAL_DRIVER -DSTM32F103x6 -c -I../Core/Inc -I../Drivers/STM32F1xx_HAL_Driver/Inc -I../Drivers/STM32F1xx_HAL_Driver/Inc/Legacy -I../Drivers/CMSIS/Device/ST/STM32F1xx/Include -I../Drivers/CMSIS/Include -O0 -ffunction-sections -fdata-sections -Wall -fstack-usage -MMD -MP -MF"Core/Src/main.d" -MT"Core/Src/main.o" --specs=nano.specs -mfloat-abi=soft -mthumb -o "Core/Src/main.o"
In file included from ../Core/Src/SCH.c:8:
../Core/Inc/SCH.h:21:1: error: unknown type name 'sTask'; did you mean 'sTasks'?
   21 | sTask SCH_tasks_G[SCH_MAX_TASKS];
      | ^~~~~
      | sTasks
../Core/Src/SCH.c:69:8: error: conflicting types for 'SCH_tasks_G'
   69 | sTasks SCH_tasks_G[SCH_MAX_TASKS];
      |        ^~~~~~~~~~~
In file included from ../Core/Src/SCH.c:8:
../Core/Inc/SCH.h:21:7: note: previous declaration of 'SCH_tasks_G' was here
   21 | sTask SCH_tasks_G[SCH_MAX_TASKS];
      |       ^~~~~~~~~~~
../Core/Src/SCH.c:71:9: error: conflicting types for 'current_index_task'
   71 | uint8_t current_index_task = 0;
      |         ^~~~~~~~~~~~~~~~~~
In file included from ../Core/Src/SCH.c:8:
../Core/Inc/SCH.h:23:12: note: previous declaration of 'current_index_task' was here
   23 | extern int current_index_task;
      |            ^~~~~~~~~~~~~~~~~~
../Core/Src/SCH.c: In function 'SCH_Add_Task':
../Core/Src/SCH.c:93:2: error: unknown type name 'sTask'; did you mean 'sTasks'?
   93 |  sTask taskTemp;
      |  ^~~~~
      |  sTasks
../Core/Src/SCH.c:94:10: error: request for member 'pTask' in something not a structure or union
   94 |  taskTemp.pTask = pFunction;
      |          ^
../Core/Src/SCH.c:95:10: error: request for member 'Delay' in something not a structure or union
   95 |  taskTemp.Delay = DELAY;
      |          ^
../Core/Src/SCH.c:96:10: error: request for member 'Period' in something not a structure or union
   96 |  taskTemp.Period =  PERIOD;
      |          ^
In file included from ../Core/Src/main.c:25:
../Core/Inc/SCH.h:21:1: error: unknown type name 'sTask'; did you mean 'sTasks'?
   21 | sTask SCH_tasks_G[SCH_MAX_TASKS];
      | ^~~~~
      | sTasks
../Core/Src/SCH.c:97:10: error: request for member 'RunMe' in something not a structure or union
   97 |  taskTemp.RunMe = 0;
      |          ^
../Core/Src/SCH.c:98:10: error: request for member 'TaskID' in something not a structure or union
   98 |  taskTemp.TaskID = current_index_task;
      |          ^
../Core/Src/SCH.c:102:21: error: incompatible types when assigning to type 'sTasks' {aka 'struct <anonymous>'} from type 'int'
  102 |    SCH_tasks_G[0] = taskTemp;
      |                     ^~~~~~~~
../Core/Src/SCH.c:108:15: error: request for member 'Delay' in something not a structure or union
  108 |    if(taskTemp.Delay > SCH_tasks_G[newTaskPos].Delay)
      |               ^
../Core/Src/SCH.c:109:13: error: request for member 'Delay' in something not a structure or union
  109 |     taskTemp.Delay -= SCH_tasks_G[newTaskPos].Delay;
      |             ^
../Core/Src/SCH.c:114:29: error: incompatible types when assigning to type 'sTasks' {aka 'struct <anonymous>'} from type 'int'
  114 |   SCH_tasks_G[newTaskPos] = taskTemp;
      |                             ^~~~~~~~
../Core/Src/SCH.c: In function 'SCH_Dispatch_Tasks':
../Core/Src/SCH.c:126:4: warning: implicit declaration of function 'SCH_Delete_Tasks'; did you mean 'SCH_Delete_Task'? [-Wimplicit-function-declaration]
  126 |    SCH_Delete_Tasks(0);
      |    ^~~~~~~~~~~~~~~~
      |    SCH_Delete_Task
../Core/Src/SCH.c: At top level:
../Core/Src/SCH.c:136:6: warning: conflicting types for 'SCH_Delete_Tasks'
  136 | void SCH_Delete_Tasks(uint32_t taskIDX){
      |      ^~~~~~~~~~~~~~~~
../Core/Src/SCH.c:126:4: note: previous implicit declaration of 'SCH_Delete_Tasks' was here
  126 |    SCH_Delete_Tasks(0);
      |    ^~~~~~~~~~~~~~~~
make: *** [Core/Src/subdir.mk:40: Core/Src/main.o] Error 1
make: *** Waiting for unfinished jobs....
make: *** [Core/Src/subdir.mk:40: Core/Src/SCH.o] Error 1
"make -j4 all" terminated with exit code 2. Build might be incomplete.
18:25:23 **** Incremental Build of configuration Debug for project lab4_stm32 ****
make -j4 all 
arm-none-eabi-gcc "../Core/Src/SCH.c" -mcpu=cortex-m3 -std=gnu11 -g3 -DDEBUG -DUSE_HAL_DRIVER -DSTM32F103x6 -c -I../Core/Inc -I../Drivers/STM32F1xx_HAL_Driver/Inc -I../Drivers/STM32F1xx_HAL_Driver/Inc/Legacy -I../Drivers/CMSIS/Device/ST/STM32F1xx/Include -I../Drivers/CMSIS/Include -O0 -ffunction-sections -fdata-sections -Wall -fstack-usage -MMD -MP -MF"Core/Src/SCH.d" -MT"Core/Src/SCH.o" --specs=nano.specs -mfloat-abi=soft -mthumb -o "Core/Src/SCH.o"
arm-none-eabi-gcc "../Core/Src/main.c" -mcpu=cortex-m3 -std=gnu11 -g3 -DDEBUG -DUSE_HAL_DRIVER -DSTM32F103x6 -c -I../Core/Inc -I../Drivers/STM32F1xx_HAL_Driver/Inc -I../Drivers/STM32F1xx_HAL_Driver/Inc/Legacy -I../Drivers/CMSIS/Device/ST/STM32F1xx/Include -I../Drivers/CMSIS/Include -O0 -ffunction-sections -fdata-sections -Wall -fstack-usage -MMD -MP -MF"Core/Src/main.d" -MT"Core/Src/main.o" --specs=nano.specs -mfloat-abi=soft -mthumb -o "Core/Src/main.o"
../Core/Src/SCH.c: In function 'SCH_Add_Task':
../Core/Src/SCH.c:93:2: error: unknown type name 'sTask'; did you mean 'sTasks'?
   93 |  sTask taskTemp;
      |  ^~~~~
      |  sTasks
../Core/Src/SCH.c:94:10: error: request for member 'pTask' in something not a structure or union
   94 |  taskTemp.pTask = pFunction;
      |          ^
../Core/Src/SCH.c:95:10: error: request for member 'Delay' in something not a structure or union
   95 |  taskTemp.Delay = DELAY;
      |          ^
../Core/Src/SCH.c:96:10: error: request for member 'Period' in something not a structure or union
   96 |  taskTemp.Period =  PERIOD;
      |          ^
../Core/Src/SCH.c:97:10: error: request for member 'RunMe' in something not a structure or union
   97 |  taskTemp.RunMe = 0;
      |          ^
../Core/Src/SCH.c:98:10: error: request for member 'TaskID' in something not a structure or union
   98 |  taskTemp.TaskID = current_index_task;
      |          ^
../Core/Src/SCH.c:102:21: error: incompatible types when assigning to type 'sTasks' {aka 'struct <anonymous>'} from type 'int'
  102 |    SCH_tasks_G[0] = taskTemp;
      |                     ^~~~~~~~
../Core/Src/SCH.c:108:15: error: request for member 'Delay' in something not a structure or union
  108 |    if(taskTemp.Delay > SCH_tasks_G[newTaskPos].Delay)
      |               ^
../Core/Src/SCH.c:109:13: error: request for member 'Delay' in something not a structure or union
  109 |     taskTemp.Delay -= SCH_tasks_G[newTaskPos].Delay;
      |             ^
../Core/Src/SCH.c:114:29: error: incompatible types when assigning to type 'sTasks' {aka 'struct <anonymous>'} from type 'int'
  114 |   SCH_tasks_G[newTaskPos] = taskTemp;
      |                             ^~~~~~~~
../Core/Src/SCH.c: In function 'SCH_Dispatch_Tasks':
../Core/Src/SCH.c:126:4: warning: implicit declaration of function 'SCH_Delete_Tasks'; did you mean 'SCH_Delete_Task'? [-Wimplicit-function-declaration]
  126 |    SCH_Delete_Tasks(0);
      |    ^~~~~~~~~~~~~~~~
      |    SCH_Delete_Task
../Core/Src/SCH.c: At top level:
../Core/Src/SCH.c:136:6: warning: conflicting types for 'SCH_Delete_Tasks'
  136 | void SCH_Delete_Tasks(uint32_t taskIDX){
      |      ^~~~~~~~~~~~~~~~
../Core/Src/SCH.c:126:4: note: previous implicit declaration of 'SCH_Delete_Tasks' was here
  126 |    SCH_Delete_Tasks(0);
      |    ^~~~~~~~~~~~~~~~
make: *** [Core/Src/subdir.mk:40: Core/Src/SCH.o] Error 1
make: *** Waiting for unfinished jobs....
"make -j4 all" terminated with exit code 2. Build might be incomplete.
18:34:31 **** Incremental Build of configuration Debug for project lab4_stm32 ****
make -j4 all 
arm-none-eabi-gcc "../Core/Src/SCH.c" -mcpu=cortex-m3 -std=gnu11 -g3 -DDEBUG -DUSE_HAL_DRIVER -DSTM32F103x6 -c -I../Core/Inc -I../Drivers/STM32F1xx_HAL_Driver/Inc -I../Drivers/STM32F1xx_HAL_Driver/Inc/Legacy -I../Drivers/CMSIS/Device/ST/STM32F1xx/Include -I../Drivers/CMSIS/Include -O0 -ffunction-sections -fdata-sections -Wall -fstack-usage -MMD -MP -MF"Core/Src/SCH.d" -MT"Core/Src/SCH.o" --specs=nano.specs -mfloat-abi=soft -mthumb -o "Core/Src/SCH.o"
arm-none-eabi-gcc "../Core/Src/main.c" -mcpu=cortex-m3 -std=gnu11 -g3 -DDEBUG -DUSE_HAL_DRIVER -DSTM32F103x6 -c -I../Core/Inc -I../Drivers/STM32F1xx_HAL_Driver/Inc -I../Drivers/STM32F1xx_HAL_Driver/Inc/Legacy -I../Drivers/CMSIS/Device/ST/STM32F1xx/Include -I../Drivers/CMSIS/Include -O0 -ffunction-sections -fdata-sections -Wall -fstack-usage -MMD -MP -MF"Core/Src/main.d" -MT"Core/Src/main.o" --specs=nano.specs -mfloat-abi=soft -mthumb -o "Core/Src/main.o"
../Core/Src/SCH.c: In function 'SCH_Delete_Task':
../Core/Src/SCH.c:68:1: warning: control reaches end of non-void function [-Wreturn-type]
   68 | }
      | ^
arm-none-eabi-gcc -o "lab4_stm32.elf" @"objects.list"   -mcpu=cortex-m3 -T"E:\221\MCU\MCU_Lab4\lab4_stm32\STM32F103C6UX_FLASH.ld" --specs=nosys.specs -Wl,-Map="lab4_stm32.map" -Wl,--gc-sections -static --specs=nano.specs -mfloat-abi=soft -mthumb -Wl,--start-group -lc -lm -Wl,--end-group
Finished building target: lab4_stm32.elf
 
arm-none-eabi-size   lab4_stm32.elf 
arm-none-eabi-objdump -h -S  lab4_stm32.elf  > "lab4_stm32.list"
arm-none-eabi-objcopy  -O ihex  lab4_stm32.elf  "lab4_stm32.hex"
arm-none-eabi-objcopy  -O binary  lab4_stm32.elf  "lab4_stm32.bin"
   text	   data	    bss	    dec	    hex	filename
   7732	     20	   2444	  10196	   27d4	lab4_stm32.elf
Finished building: default.size.stdout
 
Finished building: lab4_stm32.bin
Finished building: lab4_stm32.hex
 
 
Finished building: lab4_stm32.list
 
18:35:15 **** Incremental Build of configuration Debug for project lab4_stm32 ****
make -j4 all 
arm-none-eabi-gcc "../Core/Src/main.c" -mcpu=cortex-m3 -std=gnu11 -g3 -DDEBUG -DUSE_HAL_DRIVER -DSTM32F103x6 -c -I../Core/Inc -I../Drivers/STM32F1xx_HAL_Driver/Inc -I../Drivers/STM32F1xx_HAL_Driver/Inc/Legacy -I../Drivers/CMSIS/Device/ST/STM32F1xx/Include -I../Drivers/CMSIS/Include -O0 -ffunction-sections -fdata-sections -Wall -fstack-usage -MMD -MP -MF"Core/Src/main.d" -MT"Core/Src/main.o" --specs=nano.specs -mfloat-abi=soft -mthumb -o "Core/Src/main.o"
arm-none-eabi-gcc -o "lab4_stm32.elf" @"objects.list"   -mcpu=cortex-m3 -T"E:\221\MCU\MCU_Lab4\lab4_stm32\STM32F103C6UX_FLASH.ld" --specs=nosys.specs -Wl,-Map="lab4_stm32.map" -Wl,--gc-sections -static --specs=nano.specs -mfloat-abi=soft -mthumb -Wl,--start-group -lc -lm -Wl,--end-group
Finished building target: lab4_stm32.elf
 
arm-none-eabi-size   lab4_stm32.elf 
arm-none-eabi-objdump -h -S  lab4_stm32.elf  > "lab4_stm32.list"
arm-none-eabi-objcopy  -O ihex  lab4_stm32.elf  "lab4_stm32.hex"
arm-none-eabi-objcopy  -O binary  lab4_stm32.elf  "lab4_stm32.bin"
   text	   data	    bss	    dec	    hex	filename
   7848	     20	   2444	  10312	   2848	lab4_stm32.elf
Finished building: default.size.stdout
 
Finished building: lab4_stm32.hex
Finished building: lab4_stm32.list
Finished building: lab4_stm32.bin
 
 
 
